<?xml version="1.0" encoding="UTF-8"?>
<testng-results ignored="0" total="1" passed="1" failed="0" skipped="0">
  <reporter-output>
  </reporter-output>
  <suite started-at="2022-12-31T01:02:39 IST" name="Default suite" finished-at="2022-12-31T01:03:06 IST" duration-ms="26864">
    <groups>
    </groups>
    <test started-at="2022-12-31T01:02:39 IST" name="Default test" finished-at="2022-12-31T01:03:06 IST" duration-ms="26864">
      <class name="AutoTasks.childwindowhndl">
        <test-method is-config="true" signature="BM()[pri:0, instance:AutoTasks.childwindowhndl@a9cd3b1]" started-at="2022-12-31T01:02:39 IST" name="BM" finished-at="2022-12-31T01:02:50 IST" duration-ms="10962" status="PASS">
          <reporter-output>
          </reporter-output>
        </test-method> <!-- BM -->
        <test-method signature="TC_100()[pri:0, instance:AutoTasks.childwindowhndl@a9cd3b1]" started-at="2022-12-31T01:02:50 IST" name="TC_100" finished-at="2022-12-31T01:03:06 IST" duration-ms="15690" status="PASS">
          <reporter-output>
          </reporter-output>
        </test-method> <!-- TC_100 -->
        <test-method is-config="true" signature="AM()[pri:0, instance:AutoTasks.childwindowhndl@a9cd3b1]" started-at="2022-12-31T01:03:06 IST" name="AM" finished-at="2022-12-31T01:03:06 IST" duration-ms="94" status="PASS">
          <reporter-output>
          </reporter-output>
        </test-method> <!-- AM -->
      </class> <!-- AutoTasks.childwindowhndl -->
    </test> <!-- Default test -->
  </suite> <!-- Default suite -->
</testng-results>
